<?xml version="1.0" encoding="UTF-8"?>
<coverage generated="1607849532471" clover="3.2.0">
  <project timestamp="1607849532471" name="All files">
    <metrics statements="7" coveredstatements="0" conditionals="0" coveredconditionals="0" methods="5" coveredmethods="0" elements="12" coveredelements="0" complexity="0" loc="7" ncloc="7" packages="1" files="2" classes="2"/>
    <file name="CldImg.tsx" path="/Users/rayastraus/Development/cloudinary-js-frameworks/react/src/CldImg.tsx">
      <metrics statements="7" coveredstatements="0" conditionals="0" coveredconditionals="0" methods="5" coveredmethods="0"/>
      <line num="19" count="0" type="stmt"/>
      <line num="20" count="0" type="stmt"/>
      <line num="28" count="0" type="stmt"/>
      <line num="40" count="0" type="stmt"/>
      <line num="42" count="0" type="stmt"/>
      <line num="50" count="0" type="stmt"/>
      <line num="54" count="0" type="stmt"/>
    </file>
    <file name="index.tsx" path="/Users/rayastraus/Development/cloudinary-js-frameworks/react/src/index.tsx">
      <metrics statements="0" coveredstatements="0" conditionals="0" coveredconditionals="0" methods="0" coveredmethods="0"/>
    </file>
  </project>
</coverage>
