{"/Users/rayastraus/Development/cloudinary-js-frameworks/react/src/CldImg.tsx": {"path":"/Users/rayastraus/Development/cloudinary-js-frameworks/react/src/CldImg.tsx","statementMap":{"0":{"start":{"line":19,"column":4},"end":{"line":19,"column":17}},"1":{"start":{"line":20,"column":4},"end":{"line":20,"column":35}},"2":{"start":{"line":28,"column":4},"end":{"line":32,"column":5}},"3":{"start":{"line":40,"column":4},"end":{"line":40,"column":55}},"4":{"start":{"line":42,"column":4},"end":{"line":42,"column":76}},"5":{"start":{"line":50,"column":4},"end":{"line":50,"column":54}},"6":{"start":{"line":54,"column":4},"end":{"line":54,"column":51}}},"fnMap":{"0":{"name":"(anonymous_0)","decl":{"start":{"line":18,"column":2},"end":{"line":18,"column":3}},"loc":{"start":{"line":18,"column":31},"end":{"line":21,"column":3}},"line":18},"1":{"name":"(anonymous_1)","decl":{"start":{"line":27,"column":2},"end":{"line":27,"column":3}},"loc":{"start":{"line":27,"column":22},"end":{"line":33,"column":3}},"line":27},"2":{"name":"(anonymous_2)","decl":{"start":{"line":39,"column":2},"end":{"line":39,"column":3}},"loc":{"start":{"line":39,"column":23},"end":{"line":43,"column":3}},"line":39},"3":{"name":"(anonymous_3)","decl":{"start":{"line":48,"column":2},"end":{"line":48,"column":3}},"loc":{"start":{"line":48,"column":25},"end":{"line":51,"column":3}},"line":48},"4":{"name":"(anonymous_4)","decl":{"start":{"line":53,"column":2},"end":{"line":53,"column":3}},"loc":{"start":{"line":53,"column":11},"end":{"line":55,"column":3}},"line":53}},"branchMap":{},"s":{"0":0,"1":0,"2":0,"3":0,"4":0,"5":0,"6":0},"f":{"0":0,"1":0,"2":0,"3":0,"4":0},"b":{},"_coverageSchema":"43e27e138ebf9cfc5966b082cf9a028302ed4184","hash":"a7e93415480291465fb383087ef2c40a3e3b6551"}
,"/Users/rayastraus/Development/cloudinary-js-frameworks/react/src/index.tsx": {"path":"/Users/rayastraus/Development/cloudinary-js-frameworks/react/src/index.tsx","statementMap":{},"fnMap":{},"branchMap":{},"s":{},"f":{},"b":{},"_coverageSchema":"43e27e138ebf9cfc5966b082cf9a028302ed4184","hash":"f55a01062a8916d3a94c147828e291cb5f64bac6"}
}
