TN:
SF:/Users/rayastraus/Development/cloudinary-js-frameworks/react/src/CldImg.tsx
FN:18,(anonymous_0)
FN:27,(anonymous_1)
FN:39,(anonymous_2)
FN:48,(anonymous_3)
FN:53,(anonymous_4)
FNF:5
FNH:0
FNDA:0,(anonymous_0)
FNDA:0,(anonymous_1)
FNDA:0,(anonymous_2)
FNDA:0,(anonymous_3)
FNDA:0,(anonymous_4)
DA:19,0
DA:20,0
DA:28,0
DA:40,0
DA:42,0
DA:50,0
DA:54,0
LF:7
LH:0
BRF:0
BRH:0
end_of_record
TN:
SF:/Users/rayastraus/Development/cloudinary-js-frameworks/react/src/index.tsx
FNF:0
FNH:0
LF:0
LH:0
BRF:0
BRH:0
end_of_record
